\BOOKMARK [1][-]{section.1}{Introduction}{}% 1
\BOOKMARK [2][-]{subsection.1.1}{Purpose of Document}{section.1}% 2
\BOOKMARK [2][-]{subsection.1.2}{Project Scope}{section.1}% 3
\BOOKMARK [2][-]{subsection.1.3}{Overview of Document}{section.1}% 4
\BOOKMARK [2][-]{subsection.1.4}{Background}{section.1}% 5
\BOOKMARK [3][-]{subsubsection.1.4.1}{History}{subsection.1.4}% 6
\BOOKMARK [3][-]{subsubsection.1.4.2}{Game Rules}{subsection.1.4}% 7
\BOOKMARK [3][-]{subsubsection.1.4.3}{Moves}{subsection.1.4}% 8
\BOOKMARK [3][-]{subsubsection.1.4.4}{Win Condition}{subsection.1.4}% 9
\BOOKMARK [2][-]{subsection.1.5}{Abstract}{section.1}% 10
\BOOKMARK [1][-]{section.2}{Overall Description}{}% 11
\BOOKMARK [2][-]{subsection.2.1}{Product Functions}{section.2}% 12
\BOOKMARK [2][-]{subsection.2.2}{Assumptions and Dependencies}{section.2}% 13
\BOOKMARK [1][-]{section.3}{Functional Requirements}{}% 14
\BOOKMARK [2][-]{subsection.3.1}{Client}{section.3}% 15
\BOOKMARK [3][-]{subsubsection.3.1.1}{Board State}{subsection.3.1}% 16
\BOOKMARK [2][-]{subsection.3.2}{Server}{section.3}% 17
\BOOKMARK [1][-]{section.4}{Other Requirements}{}% 18
\BOOKMARK [2][-]{subsection.4.1}{System Requirements}{section.4}% 19
\BOOKMARK [2][-]{subsection.4.2}{Network Requirements}{section.4}% 20
\BOOKMARK [1][-]{section.5}{User Interface}{}% 21
\BOOKMARK [2][-]{subsection.5.1}{Framework}{section.5}% 22
\BOOKMARK [2][-]{subsection.5.2}{Menus}{section.5}% 23
\BOOKMARK [1][-]{section.6}{Standard Components}{}% 24
\BOOKMARK [2][-]{subsection.6.1}{Program Usage}{section.6}% 25
\BOOKMARK [3][-]{subsubsection.6.1.1}{Gameplay}{subsection.6.1}% 26
\BOOKMARK [3][-]{subsubsection.6.1.2}{Win Conditions}{subsection.6.1}% 27
